<?xml version="1.0" encoding="UTF-8"?>
<!-- Generated by org.testng.reporters.JUnitReportReporter -->
<testsuite skipped="0" hostname="LAPTOP-PP7LTPN0" name="kdf.Application" tests="1" failures="0" timestamp="14 Jan 2020 17:34:32 GMT" time="116.669" errors="0">
  <testcase name="verifyInvalidLogin" time="116.669" classname="kdf.Application"/>
</testsuite> <!-- kdf.Application -->
